<?xml version="1.0" encoding="UTF-8"?>
<!-- Generated by org.testng.reporters.JUnitReportReporter -->
<testsuite skipped="0" hostname="CBT-MH-000" name="Automationtest.phptravelsproject.testcase5" tests="1" failures="0" timestamp="30 Oct 2019 06:24:22 GMT" time="38.560" errors="0">
  <testcase name="method" time="38.560" classname="Automationtest.phptravelsproject.testcase5"/>
</testsuite> <!-- Automationtest.phptravelsproject.testcase5 -->
